// 重构日志: d94b2fbe
// 同步 ID: 59315292 @ Sun May 24 09:31:45 UTC 2026
// 同步 ID: 97a9fb25 @ Thu May 28 12:59:03 UTC 2026
// 同步 ID: cd40dd93 @ Sat May 30 09:25:19 UTC 2026
// 同步 ID: 2f96f7ce @ Sun May 31 10:54:59 UTC 2026
// 同步 ID: 85426dcc @ Tue Jun  2 14:58:04 UTC 2026
// 重构日志: 7df1df50
// 重构日志: 62203ed3
// 同步 ID: 6364598d @ Thu Jun  4 14:44:34 UTC 2026
// 同步 ID: 9a5c50bc @ Fri Jun  5 05:56:26 UTC 2026
// 同步 ID: c8880703 @ Fri Jun  5 15:47:00 UTC 2026
// 重构日志: 2837c8d4
// 重构日志: aef8d70a
// 同步 ID: be985777 @ Sun Jun  7 16:45:42 UTC 2026
// 同步 ID: ec0ac9b9 @ Sun Jun  7 18:05:20 UTC 2026
// 同步 ID: ecc7cd3b @ Sun Jun  7 20:57:05 UTC 2026
// 重构日志: 444452cb
// 同步 ID: 293f608a @ Tue Jun  9 17:00:57 UTC 2026
// 重构日志: caa1a694
// 同步 ID: 0fd856ce @ Wed Jun 10 12:49:44 UTC 2026
// 重构日志: ad782709
// 重构日志: 4b3a51fa
// 同步 ID: 9798c9f8 @ Sat Jun 13 15:03:50 UTC 2026
// 重构日志: 642f02cb
// 同步 ID: 11295906 @ Mon Jun 15 15:27:30 UTC 2026
// 重构日志: 6120bdc8
// 同步 ID: 646356b2 @ Thu Jun 18 10:50:59 UTC 2026
// 重构日志: 39dff407
// 重构日志: a54737a2
// 同步 ID: e6571a1a @ Tue Jun 23 20:48:30 UTC 2026
